0 info it worked if it ends with ok
1 verbose cli [ 'C:\\Program Files\\nodejs\\node.exe',
1 verbose cli   'C:\\Program Files\\nodejs\\node_modules\\npm\\bin\\npm-cli.js',
1 verbose cli   'run',
1 verbose cli   'devstart' ]
2 info using npm@3.10.10
3 info using node@v6.11.0
4 verbose run-script [ 'predevstart', 'devstart', 'postdevstart' ]
5 info lifecycle worldcurl@0.0.0~predevstart: worldcurl@0.0.0
6 silly lifecycle worldcurl@0.0.0~predevstart: no script for predevstart, continuing
7 info lifecycle worldcurl@0.0.0~devstart: worldcurl@0.0.0
8 verbose lifecycle worldcurl@0.0.0~devstart: unsafe-perm in lifecycle true
9 verbose lifecycle worldcurl@0.0.0~devstart: PATH: C:\Program Files\nodejs\node_modules\npm\bin\node-gyp-bin;C:\node\worldcurl\node_modules\.bin;C:\Program Files\ImageMagick-7.0.4-Q16;C:\Program Files (x86)\Tesseract-OCR2;C:\Program Files\nodejs;C:\Program Files (x86)\Git\bin\;C:\Windows\system32;C:\Python34;C:\wamp\bin\mysql\mysql5.6.17\bin;C:\wamp\bin\php\php5.5.12;C:\ProgramData\ComposerSetup\bin;C:\Program Files\nodejs\;C:\Program Files (x86)\Notepad++;C:\Users\Brad\AppData\Roaming\Composer\vendor\bin;C:\Users\Brad\AppData\Roaming\npm
10 verbose lifecycle worldcurl@0.0.0~devstart: CWD: C:\node\worldcurl
11 silly lifecycle worldcurl@0.0.0~devstart: Args: [ '/d /s /c', 'nodemon ./bin/www' ]
12 silly lifecycle worldcurl@0.0.0~devstart: Returned: code: 3221225786  signal: null
13 info lifecycle worldcurl@0.0.0~devstart: Failed to exec devstart script
14 verbose stack Error: worldcurl@0.0.0 devstart: `nodemon ./bin/www`
14 verbose stack Exit status 3221225786
14 verbose stack     at EventEmitter.<anonymous> (C:\Program Files\nodejs\node_modules\npm\lib\utils\lifecycle.js:255:16)
14 verbose stack     at emitTwo (events.js:106:13)
14 verbose stack     at EventEmitter.emit (events.js:191:7)
14 verbose stack     at ChildProcess.<anonymous> (C:\Program Files\nodejs\node_modules\npm\lib\utils\spawn.js:40:14)
14 verbose stack     at emitTwo (events.js:106:13)
14 verbose stack     at ChildProcess.emit (events.js:191:7)
14 verbose stack     at maybeClose (internal/child_process.js:891:16)
14 verbose stack     at Process.ChildProcess._handle.onexit (internal/child_process.js:226:5)
15 verbose pkgid worldcurl@0.0.0
16 verbose cwd C:\node\worldcurl
17 error Windows_NT 6.1.7601
18 error argv "C:\\Program Files\\nodejs\\node.exe" "C:\\Program Files\\nodejs\\node_modules\\npm\\bin\\npm-cli.js" "run" "devstart"
19 error node v6.11.0
20 error npm  v3.10.10
21 error code ELIFECYCLE
22 error worldcurl@0.0.0 devstart: `nodemon ./bin/www`
22 error Exit status 3221225786
23 error Failed at the worldcurl@0.0.0 devstart script 'nodemon ./bin/www'.
23 error Make sure you have the latest version of node.js and npm installed.
23 error If you do, this is most likely a problem with the worldcurl package,
23 error not with npm itself.
23 error Tell the author that this fails on your system:
23 error     nodemon ./bin/www
23 error You can get information on how to open an issue for this project with:
23 error     npm bugs worldcurl
23 error Or if that isn't available, you can get their info via:
23 error     npm owner ls worldcurl
23 error There is likely additional logging output above.
24 verbose exit [ 1, true ]
